2018-05-29 14:55:50,347 WARN  [SoapUI] Missing folder [C:\Users\DELL 3\eclipse-workspace\EstafetPractices\estafet-qapractices-examples\examples-soap-ws\ext] for external libraries
2018-05-29 14:55:50,570 INFO  [DefaultSoapUICore] initialized soapui-settings from [C:\Users\DELL 3\soapui-settings.xml]
2018-05-29 14:55:51,432 INFO  [SchemaUtils] Added default schema from file:/C:/Users/DELL%203/.m2/repository/com/smartbear/soapui/soapui/5.1.2/soapui-5.1.2.jar!/com/eviware/soapui/resources/xsds/xop.xsd with targetNamespace http://www.w3.org/2004/08/xop/include
2018-05-29 14:55:51,456 INFO  [SchemaUtils] Added default schema from file:/C:/Users/DELL%203/.m2/repository/com/smartbear/soapui/soapui/5.1.2/soapui-5.1.2.jar!/com/eviware/soapui/resources/xsds/XMLSchema.xsd with targetNamespace http://www.w3.org/2001/XMLSchema
2018-05-29 14:55:51,460 INFO  [SchemaUtils] Added default schema from file:/C:/Users/DELL%203/.m2/repository/com/smartbear/soapui/soapui/5.1.2/soapui-5.1.2.jar!/com/eviware/soapui/resources/xsds/xml.xsd with targetNamespace http://www.w3.org/XML/1998/namespace
2018-05-29 14:55:51,463 INFO  [SchemaUtils] Added default schema from file:/C:/Users/DELL%203/.m2/repository/com/smartbear/soapui/soapui/5.1.2/soapui-5.1.2.jar!/com/eviware/soapui/resources/xsds/swaref.xsd with targetNamespace http://ws-i.org/profiles/basic/1.1/xsd
2018-05-29 14:55:51,466 INFO  [SchemaUtils] Added default schema from file:/C:/Users/DELL%203/.m2/repository/com/smartbear/soapui/soapui/5.1.2/soapui-5.1.2.jar!/com/eviware/soapui/resources/xsds/xmime200505.xsd with targetNamespace http://www.w3.org/2005/05/xmlmime
2018-05-29 14:55:51,467 INFO  [SchemaUtils] Added default schema from file:/C:/Users/DELL%203/.m2/repository/com/smartbear/soapui/soapui/5.1.2/soapui-5.1.2.jar!/com/eviware/soapui/resources/xsds/xmime200411.xsd with targetNamespace http://www.w3.org/2004/11/xmlmime
2018-05-29 14:55:51,470 INFO  [SchemaUtils] Added default schema from file:/C:/Users/DELL%203/.m2/repository/com/smartbear/soapui/soapui/5.1.2/soapui-5.1.2.jar!/com/eviware/soapui/resources/xsds/soapEnvelope.xsd with targetNamespace http://schemas.xmlsoap.org/soap/envelope/
2018-05-29 14:55:51,473 INFO  [SchemaUtils] Added default schema from file:/C:/Users/DELL%203/.m2/repository/com/smartbear/soapui/soapui/5.1.2/soapui-5.1.2.jar!/com/eviware/soapui/resources/xsds/soapEncoding.xsd with targetNamespace http://schemas.xmlsoap.org/soap/encoding/
2018-05-29 14:55:51,475 INFO  [SchemaUtils] Added default schema from file:/C:/Users/DELL%203/.m2/repository/com/smartbear/soapui/soapui/5.1.2/soapui-5.1.2.jar!/com/eviware/soapui/resources/xsds/soapEnvelope12.xsd with targetNamespace http://www.w3.org/2003/05/soap-envelope
2018-05-29 14:55:51,478 INFO  [SchemaUtils] Added default schema from file:/C:/Users/DELL%203/.m2/repository/com/smartbear/soapui/soapui/5.1.2/soapui-5.1.2.jar!/com/eviware/soapui/resources/xsds/soapEncoding12.xsd with targetNamespace http://www.w3.org/2003/05/soap-encoding
2018-05-29 14:55:51,808 ERROR [WsdlLoader] Failed to load url [http://www.webservicex.com/globalweather.asmx?WSDL]
2018-05-29 14:55:51,809 ERROR [SoapUI] An error occurred [com.eviware.soapui.impl.support.definition.support.InvalidDefinitionException], see error log for details
2018-05-29 14:55:51,813 ERROR [errorlog] com.eviware.soapui.impl.support.definition.support.InvalidDefinitionException
com.eviware.soapui.impl.support.definition.support.InvalidDefinitionException
	at com.eviware.soapui.impl.wsdl.support.wsdl.WsdlLoader.makeInvalidDefinitionException(WsdlLoader.java:119)
	at com.eviware.soapui.impl.wsdl.support.wsdl.WsdlLoader.loadXmlObject(WsdlLoader.java:109)
	at com.eviware.soapui.impl.wsdl.support.xsd.SchemaUtils.getDefinitionParts(SchemaUtils.java:488)
	at com.eviware.soapui.impl.wsdl.support.xsd.SchemaUtils.getDefinitionParts(SchemaUtils.java:477)
	at com.eviware.soapui.impl.support.definition.support.AbstractDefinitionCache.update(AbstractDefinitionCache.java:94)
	at com.eviware.soapui.impl.support.definition.support.AbstractDefinitionContext$Loader.construct(AbstractDefinitionContext.java:209)
	at com.eviware.soapui.support.swing.SwingWorkerDelegator.construct(SwingWorkerDelegator.java:46)
	at com.eviware.soapui.support.swing.SwingWorker$2.run(SwingWorker.java:131)
	at java.lang.Thread.run(Unknown Source)
